
Gurobi 8.1.0 (win64, Python) logging started 12/07/18 14:22:08

Academic license - for non-commercial use only

Gurobi 8.1.0 (win64, Python) logging started 12/07/18 17:31:34

Academic license - for non-commercial use only
Warning: variables 3 and 11 have the same name "AC_0"
Warning: to let Gurobi read it back, use rlp format
Warning: variables 3 and 11 have the same name "AC_0"
Warning: to let Gurobi read it back, use rlp format
Warning: variables 3 and 11 have the same name "AC_0"
Warning: to let Gurobi read it back, use rlp format
Warning: variables 3 and 11 have the same name "AC_0"
Warning: to let Gurobi read it back, use rlp format
Warning: variables 3 and 11 have the same name "AC_0"
Warning: to let Gurobi read it back, use rlp format
Warning: variables 3 and 11 have the same name "AC_0"
Warning: to let Gurobi read it back, use rlp format

Gurobi 8.1.0 (win64, Python) logging started 12/08/18 09:35:42

Academic license - for non-commercial use only
Warning: variables 3 and 11 have the same name "AC_0"
Warning: to let Gurobi read it back, use rlp format
Warning: variables 3 and 11 have the same name "AC_0"
Warning: to let Gurobi read it back, use rlp format
Optimize a model with 4400 rows, 3200 columns and 535197 nonzeros
Variable types: 0 continuous, 3200 integer (0 binary)
Coefficient statistics:
  Matrix range     [1e+00, 6e+02]
  Objective range  [2e+02, 1e+08]
  Bounds range     [0e+00, 0e+00]
  RHS range        [1e+00, 1e+03]
Found heuristic solution: objective -9.96778e+08
Presolve removed 3618 rows and 1338 columns
Presolve time: 0.17s
Presolved: 782 rows, 1862 columns, 5168 nonzeros
Variable types: 0 continuous, 1862 integer (60 binary)

Root relaxation: objective 2.252494e+11, 342 iterations, 0.01 seconds

    Nodes    |    Current Node    |     Objective Bounds      |     Work
 Expl Unexpl |  Obj  Depth IntInf | Incumbent    BestBd   Gap | It/Node Time

     0     0 2.2525e+11    0  204 -9.968e+08 2.2525e+11      -     -    0s
H    0     0                    2.124417e+11 2.2525e+11  6.03%     -    0s
H    0     0                    2.142146e+11 2.2525e+11  5.15%     -    0s
H    0     0                    2.152419e+11 2.2525e+11  4.65%     -    0s
H    0     0                    2.181293e+11 2.2525e+11  3.26%     -    0s
H    0     0                    2.196011e+11 2.2525e+11  2.57%     -    0s
H    0     0                    2.205276e+11 2.2525e+11  2.14%     -    0s
     0     0 2.2525e+11    0  377 2.2053e+11 2.2525e+11  2.14%     -    0s
     0     0 2.2525e+11    0  377 2.2053e+11 2.2525e+11  2.14%     -    0s
H    0     0                    2.213705e+11 2.2525e+11  1.75%     -    0s
H    0     0                    2.217773e+11 2.2525e+11  1.57%     -    0s
H    0     0                    2.252493e+11 2.2525e+11  0.00%     -    0s

Cutting planes:
  Gomory: 42
  MIR: 114
  StrongCG: 27

Explored 1 nodes (533 simplex iterations) in 1.03 seconds
Thread count was 8 (of 8 available processors)

Solution count 10: 2.25249e+11 2.21777e+11 2.21371e+11 ... -9.96778e+08

Optimal solution found (tolerance 1.00e-04)
Best objective 2.252493404254e+11, best bound 2.252493656476e+11, gap 0.0000%
Optimize a model with 4400 rows, 3200 columns and 535197 nonzeros
Variable types: 0 continuous, 3200 integer (0 binary)
Coefficient statistics:
  Matrix range     [1e+00, 6e+02]
  Objective range  [2e+02, 1e+08]
  Bounds range     [0e+00, 0e+00]
  RHS range        [1e+00, 1e+03]
Found heuristic solution: objective -9.96778e+08
Presolve removed 3618 rows and 1338 columns
Presolve time: 0.15s
Presolved: 782 rows, 1862 columns, 5168 nonzeros
Variable types: 0 continuous, 1862 integer (60 binary)

Root relaxation: objective 2.252494e+11, 342 iterations, 0.01 seconds

    Nodes    |    Current Node    |     Objective Bounds      |     Work
 Expl Unexpl |  Obj  Depth IntInf | Incumbent    BestBd   Gap | It/Node Time

     0     0 2.2525e+11    0  204 -9.968e+08 2.2525e+11      -     -    0s
H    0     0                    2.124417e+11 2.2525e+11  6.03%     -    0s
H    0     0                    2.142146e+11 2.2525e+11  5.15%     -    0s
H    0     0                    2.152419e+11 2.2525e+11  4.65%     -    0s
H    0     0                    2.181293e+11 2.2525e+11  3.26%     -    0s
H    0     0                    2.196011e+11 2.2525e+11  2.57%     -    0s
H    0     0                    2.205276e+11 2.2525e+11  2.14%     -    0s
     0     0 2.2525e+11    0  377 2.2053e+11 2.2525e+11  2.14%     -    0s
     0     0 2.2525e+11    0  377 2.2053e+11 2.2525e+11  2.14%     -    0s
H    0     0                    2.213705e+11 2.2525e+11  1.75%     -    0s
H    0     0                    2.217773e+11 2.2525e+11  1.57%     -    0s
H    0     0                    2.252493e+11 2.2525e+11  0.00%     -    0s

Cutting planes:
  Gomory: 42
  MIR: 114
  StrongCG: 27

Explored 1 nodes (533 simplex iterations) in 0.84 seconds
Thread count was 8 (of 8 available processors)

Solution count 10: 2.25249e+11 2.21777e+11 2.21371e+11 ... -9.96778e+08

Optimal solution found (tolerance 1.00e-04)
Best objective 2.252493404254e+11, best bound 2.252493656476e+11, gap 0.0000%
Optimize a model with 4400 rows, 3200 columns and 535197 nonzeros
Variable types: 0 continuous, 3200 integer (0 binary)
Coefficient statistics:
  Matrix range     [1e+00, 6e+02]
  Objective range  [2e+02, 1e+08]
  Bounds range     [0e+00, 0e+00]
  RHS range        [1e+00, 1e+03]
Found heuristic solution: objective -9.96778e+08
Presolve removed 3618 rows and 1338 columns
Presolve time: 0.15s
Presolved: 782 rows, 1862 columns, 5168 nonzeros
Variable types: 0 continuous, 1862 integer (60 binary)

Root relaxation: objective 2.252494e+11, 342 iterations, 0.01 seconds

    Nodes    |    Current Node    |     Objective Bounds      |     Work
 Expl Unexpl |  Obj  Depth IntInf | Incumbent    BestBd   Gap | It/Node Time

     0     0 2.2525e+11    0  204 -9.968e+08 2.2525e+11      -     -    0s
H    0     0                    2.124417e+11 2.2525e+11  6.03%     -    0s
H    0     0                    2.142146e+11 2.2525e+11  5.15%     -    0s
H    0     0                    2.152419e+11 2.2525e+11  4.65%     -    0s
H    0     0                    2.181293e+11 2.2525e+11  3.26%     -    0s
H    0     0                    2.196011e+11 2.2525e+11  2.57%     -    0s
H    0     0                    2.205276e+11 2.2525e+11  2.14%     -    0s
     0     0 2.2525e+11    0  377 2.2053e+11 2.2525e+11  2.14%     -    0s
     0     0 2.2525e+11    0  377 2.2053e+11 2.2525e+11  2.14%     -    0s
H    0     0                    2.213705e+11 2.2525e+11  1.75%     -    0s
H    0     0                    2.217773e+11 2.2525e+11  1.57%     -    0s
H    0     0                    2.252493e+11 2.2525e+11  0.00%     -    0s

Cutting planes:
  Gomory: 42
  MIR: 114
  StrongCG: 27

Explored 1 nodes (533 simplex iterations) in 0.78 seconds
Thread count was 8 (of 8 available processors)

Solution count 10: 2.25249e+11 2.21777e+11 2.21371e+11 ... -9.96778e+08

Optimal solution found (tolerance 1.00e-04)
Best objective 2.252493404254e+11, best bound 2.252493656476e+11, gap 0.0000%
Optimize a model with 4400 rows, 3200 columns and 535197 nonzeros
Variable types: 0 continuous, 3200 integer (0 binary)
Coefficient statistics:
  Matrix range     [1e+00, 6e+02]
  Objective range  [2e+02, 1e+08]
  Bounds range     [0e+00, 0e+00]
  RHS range        [1e+00, 1e+03]
Found heuristic solution: objective -9.96778e+08
Presolve removed 3618 rows and 1338 columns
Presolve time: 0.15s
Presolved: 782 rows, 1862 columns, 5168 nonzeros
Variable types: 0 continuous, 1862 integer (60 binary)

Root relaxation: objective 2.252494e+11, 342 iterations, 0.01 seconds

    Nodes    |    Current Node    |     Objective Bounds      |     Work
 Expl Unexpl |  Obj  Depth IntInf | Incumbent    BestBd   Gap | It/Node Time

     0     0 2.2525e+11    0  204 -9.968e+08 2.2525e+11      -     -    0s
H    0     0                    2.124417e+11 2.2525e+11  6.03%     -    0s
H    0     0                    2.142146e+11 2.2525e+11  5.15%     -    0s
H    0     0                    2.152419e+11 2.2525e+11  4.65%     -    0s
H    0     0                    2.181293e+11 2.2525e+11  3.26%     -    0s
H    0     0                    2.196011e+11 2.2525e+11  2.57%     -    0s
H    0     0                    2.205276e+11 2.2525e+11  2.14%     -    0s
     0     0 2.2525e+11    0  377 2.2053e+11 2.2525e+11  2.14%     -    0s
     0     0 2.2525e+11    0  377 2.2053e+11 2.2525e+11  2.14%     -    0s
H    0     0                    2.213705e+11 2.2525e+11  1.75%     -    0s
H    0     0                    2.217773e+11 2.2525e+11  1.57%     -    0s
H    0     0                    2.252493e+11 2.2525e+11  0.00%     -    0s

Cutting planes:
  Gomory: 42
  MIR: 114
  StrongCG: 27

Explored 1 nodes (533 simplex iterations) in 0.63 seconds
Thread count was 8 (of 8 available processors)

Solution count 10: 2.25249e+11 2.21777e+11 2.21371e+11 ... -9.96778e+08

Optimal solution found (tolerance 1.00e-04)
Best objective 2.252493404254e+11, best bound 2.252493656476e+11, gap 0.0000%
Optimize a model with 4400 rows, 3200 columns and 535197 nonzeros
Variable types: 0 continuous, 3200 integer (0 binary)
Coefficient statistics:
  Matrix range     [1e+00, 6e+02]
  Objective range  [2e+02, 1e+08]
  Bounds range     [0e+00, 0e+00]
  RHS range        [1e+00, 1e+03]
Found heuristic solution: objective -9.96778e+08
Presolve removed 3618 rows and 1338 columns
Presolve time: 0.15s
Presolved: 782 rows, 1862 columns, 5168 nonzeros
Variable types: 0 continuous, 1862 integer (60 binary)

Root relaxation: objective 2.252494e+11, 342 iterations, 0.01 seconds

    Nodes    |    Current Node    |     Objective Bounds      |     Work
 Expl Unexpl |  Obj  Depth IntInf | Incumbent    BestBd   Gap | It/Node Time

     0     0 2.2525e+11    0  204 -9.968e+08 2.2525e+11      -     -    0s
H    0     0                    2.124417e+11 2.2525e+11  6.03%     -    0s
H    0     0                    2.142146e+11 2.2525e+11  5.15%     -    0s
H    0     0                    2.152419e+11 2.2525e+11  4.65%     -    0s
H    0     0                    2.181293e+11 2.2525e+11  3.26%     -    0s
H    0     0                    2.196011e+11 2.2525e+11  2.57%     -    0s
H    0     0                    2.205276e+11 2.2525e+11  2.14%     -    0s
     0     0 2.2525e+11    0  377 2.2053e+11 2.2525e+11  2.14%     -    0s
     0     0 2.2525e+11    0  377 2.2053e+11 2.2525e+11  2.14%     -    0s
H    0     0                    2.213705e+11 2.2525e+11  1.75%     -    0s
H    0     0                    2.217773e+11 2.2525e+11  1.57%     -    0s
H    0     0                    2.252493e+11 2.2525e+11  0.00%     -    0s

Cutting planes:
  Gomory: 42
  MIR: 114
  StrongCG: 27

Explored 1 nodes (533 simplex iterations) in 1.00 seconds
Thread count was 8 (of 8 available processors)

Solution count 10: 2.25249e+11 2.21777e+11 2.21371e+11 ... -9.96778e+08

Optimal solution found (tolerance 1.00e-04)
Best objective 2.252493404254e+11, best bound 2.252493656476e+11, gap 0.0000%
Optimize a model with 4400 rows, 3200 columns and 535197 nonzeros
Variable types: 0 continuous, 3200 integer (0 binary)
Coefficient statistics:
  Matrix range     [1e+00, 6e+02]
  Objective range  [2e+02, 1e+08]
  Bounds range     [0e+00, 0e+00]
  RHS range        [1e+00, 1e+03]
Found heuristic solution: objective -9.96778e+08
Presolve removed 3618 rows and 1338 columns
Presolve time: 0.14s
Presolved: 782 rows, 1862 columns, 5168 nonzeros
Variable types: 0 continuous, 1862 integer (60 binary)

Root relaxation: objective 2.252494e+11, 342 iterations, 0.01 seconds

    Nodes    |    Current Node    |     Objective Bounds      |     Work
 Expl Unexpl |  Obj  Depth IntInf | Incumbent    BestBd   Gap | It/Node Time

     0     0 2.2525e+11    0  204 -9.968e+08 2.2525e+11      -     -    0s
H    0     0                    2.124417e+11 2.2525e+11  6.03%     -    0s
H    0     0                    2.142146e+11 2.2525e+11  5.15%     -    0s
H    0     0                    2.152419e+11 2.2525e+11  4.65%     -    0s
H    0     0                    2.181293e+11 2.2525e+11  3.26%     -    0s
H    0     0                    2.196011e+11 2.2525e+11  2.57%     -    0s
H    0     0                    2.205276e+11 2.2525e+11  2.14%     -    0s
     0     0 2.2525e+11    0  377 2.2053e+11 2.2525e+11  2.14%     -    0s
     0     0 2.2525e+11    0  377 2.2053e+11 2.2525e+11  2.14%     -    0s
H    0     0                    2.213705e+11 2.2525e+11  1.75%     -    0s
H    0     0                    2.217773e+11 2.2525e+11  1.57%     -    0s
H    0     0                    2.252493e+11 2.2525e+11  0.00%     -    0s

Cutting planes:
  Gomory: 42
  MIR: 114
  StrongCG: 27

Explored 1 nodes (533 simplex iterations) in 1.02 seconds
Thread count was 8 (of 8 available processors)

Solution count 10: 2.25249e+11 2.21777e+11 2.21371e+11 ... -9.96778e+08

Optimal solution found (tolerance 1.00e-04)
Best objective 2.252493404254e+11, best bound 2.252493656476e+11, gap 0.0000%
Optimize a model with 4400 rows, 3200 columns and 535197 nonzeros
Variable types: 0 continuous, 3200 integer (0 binary)
Coefficient statistics:
  Matrix range     [1e+00, 6e+02]
  Objective range  [2e+02, 1e+08]
  Bounds range     [0e+00, 0e+00]
  RHS range        [1e+00, 1e+03]
Found heuristic solution: objective -9.96778e+08
Presolve removed 3618 rows and 1338 columns
Presolve time: 0.17s
Presolved: 782 rows, 1862 columns, 5168 nonzeros
Variable types: 0 continuous, 1862 integer (60 binary)

Root relaxation: objective 2.252494e+11, 342 iterations, 0.01 seconds

    Nodes    |    Current Node    |     Objective Bounds      |     Work
 Expl Unexpl |  Obj  Depth IntInf | Incumbent    BestBd   Gap | It/Node Time

     0     0 2.2525e+11    0  204 -9.968e+08 2.2525e+11      -     -    0s
H    0     0                    2.124417e+11 2.2525e+11  6.03%     -    0s
H    0     0                    2.142146e+11 2.2525e+11  5.15%     -    0s
H    0     0                    2.152419e+11 2.2525e+11  4.65%     -    0s
H    0     0                    2.181293e+11 2.2525e+11  3.26%     -    0s
H    0     0                    2.196011e+11 2.2525e+11  2.57%     -    0s
H    0     0                    2.205276e+11 2.2525e+11  2.14%     -    0s
     0     0 2.2525e+11    0  377 2.2053e+11 2.2525e+11  2.14%     -    0s
     0     0 2.2525e+11    0  377 2.2053e+11 2.2525e+11  2.14%     -    0s
H    0     0                    2.213705e+11 2.2525e+11  1.75%     -    0s
H    0     0                    2.217773e+11 2.2525e+11  1.57%     -    0s
H    0     0                    2.252493e+11 2.2525e+11  0.00%     -    0s

Cutting planes:
  Gomory: 42
  MIR: 114
  StrongCG: 27

Explored 1 nodes (533 simplex iterations) in 0.85 seconds
Thread count was 8 (of 8 available processors)

Solution count 10: 2.25249e+11 2.21777e+11 2.21371e+11 ... -9.96778e+08

Optimal solution found (tolerance 1.00e-04)
Best objective 2.252493404254e+11, best bound 2.252493656476e+11, gap 0.0000%
Optimize a model with 4400 rows, 3200 columns and 535197 nonzeros
Variable types: 0 continuous, 3200 integer (0 binary)
Coefficient statistics:
  Matrix range     [1e+00, 6e+02]
  Objective range  [2e+02, 1e+08]
  Bounds range     [0e+00, 0e+00]
  RHS range        [1e+00, 1e+03]
Found heuristic solution: objective -9.96778e+08
Presolve removed 3618 rows and 1338 columns
Presolve time: 0.15s
Presolved: 782 rows, 1862 columns, 5168 nonzeros
Variable types: 0 continuous, 1862 integer (60 binary)

Root relaxation: objective 2.252494e+11, 342 iterations, 0.01 seconds

    Nodes    |    Current Node    |     Objective Bounds      |     Work
 Expl Unexpl |  Obj  Depth IntInf | Incumbent    BestBd   Gap | It/Node Time

     0     0 2.2525e+11    0  204 -9.968e+08 2.2525e+11      -     -    0s
H    0     0                    2.124417e+11 2.2525e+11  6.03%     -    0s
H    0     0                    2.142146e+11 2.2525e+11  5.15%     -    0s
H    0     0                    2.152419e+11 2.2525e+11  4.65%     -    0s
H    0     0                    2.181293e+11 2.2525e+11  3.26%     -    0s
H    0     0                    2.196011e+11 2.2525e+11  2.57%     -    0s
H    0     0                    2.205276e+11 2.2525e+11  2.14%     -    0s
     0     0 2.2525e+11    0  377 2.2053e+11 2.2525e+11  2.14%     -    0s
     0     0 2.2525e+11    0  377 2.2053e+11 2.2525e+11  2.14%     -    0s
H    0     0                    2.213705e+11 2.2525e+11  1.75%     -    0s
H    0     0                    2.217773e+11 2.2525e+11  1.57%     -    0s
H    0     0                    2.252493e+11 2.2525e+11  0.00%     -    0s

Cutting planes:
  Gomory: 42
  MIR: 114
  StrongCG: 27

Explored 1 nodes (533 simplex iterations) in 0.79 seconds
Thread count was 8 (of 8 available processors)

Solution count 10: 2.25249e+11 2.21777e+11 2.21371e+11 ... -9.96778e+08

Optimal solution found (tolerance 1.00e-04)
Best objective 2.252493404254e+11, best bound 2.252493656476e+11, gap 0.0000%
Warning: variables 3 and 11 have the same name "AC_0"
Warning: default variable names used to write solution file
Optimize a model with 4400 rows, 3200 columns and 535197 nonzeros
Variable types: 0 continuous, 3200 integer (0 binary)
Coefficient statistics:
  Matrix range     [1e+00, 6e+02]
  Objective range  [2e+02, 1e+08]
  Bounds range     [0e+00, 0e+00]
  RHS range        [1e+00, 1e+03]
Found heuristic solution: objective -9.96778e+08
Presolve removed 3618 rows and 1338 columns
Presolve time: 0.16s
Presolved: 782 rows, 1862 columns, 5168 nonzeros
Variable types: 0 continuous, 1862 integer (60 binary)

Root relaxation: objective 2.252494e+11, 342 iterations, 0.01 seconds

    Nodes    |    Current Node    |     Objective Bounds      |     Work
 Expl Unexpl |  Obj  Depth IntInf | Incumbent    BestBd   Gap | It/Node Time

     0     0 2.2525e+11    0  204 -9.968e+08 2.2525e+11      -     -    0s
H    0     0                    2.124417e+11 2.2525e+11  6.03%     -    0s
H    0     0                    2.142146e+11 2.2525e+11  5.15%     -    0s
H    0     0                    2.152419e+11 2.2525e+11  4.65%     -    0s
H    0     0                    2.181293e+11 2.2525e+11  3.26%     -    0s
H    0     0                    2.196011e+11 2.2525e+11  2.57%     -    0s
H    0     0                    2.205276e+11 2.2525e+11  2.14%     -    0s
     0     0 2.2525e+11    0  377 2.2053e+11 2.2525e+11  2.14%     -    0s
     0     0 2.2525e+11    0  377 2.2053e+11 2.2525e+11  2.14%     -    0s
H    0     0                    2.213705e+11 2.2525e+11  1.75%     -    0s
H    0     0                    2.217773e+11 2.2525e+11  1.57%     -    0s
H    0     0                    2.252493e+11 2.2525e+11  0.00%     -    0s

Cutting planes:
  Gomory: 42
  MIR: 114
  StrongCG: 27

Explored 1 nodes (533 simplex iterations) in 0.80 seconds
Thread count was 8 (of 8 available processors)

Solution count 10: 2.25249e+11 2.21777e+11 2.21371e+11 ... -9.96778e+08

Optimal solution found (tolerance 1.00e-04)
Best objective 2.252493404254e+11, best bound 2.252493656476e+11, gap 0.0000%
Warning: variables 3 and 11 have the same name "AC_0"
Warning: default variable names used to write solution file
Optimize a model with 4400 rows, 3200 columns and 535197 nonzeros
Variable types: 0 continuous, 3200 integer (0 binary)
Coefficient statistics:
  Matrix range     [1e+00, 6e+02]
  Objective range  [2e+02, 1e+08]
  Bounds range     [0e+00, 0e+00]
  RHS range        [1e+00, 1e+03]
Found heuristic solution: objective -9.96778e+08
Presolve removed 3618 rows and 1338 columns
Presolve time: 0.15s
Presolved: 782 rows, 1862 columns, 5168 nonzeros
Variable types: 0 continuous, 1862 integer (60 binary)

Root relaxation: objective 2.252494e+11, 342 iterations, 0.01 seconds

    Nodes    |    Current Node    |     Objective Bounds      |     Work
 Expl Unexpl |  Obj  Depth IntInf | Incumbent    BestBd   Gap | It/Node Time

     0     0 2.2525e+11    0  204 -9.968e+08 2.2525e+11      -     -    0s
H    0     0                    2.124417e+11 2.2525e+11  6.03%     -    0s
H    0     0                    2.142146e+11 2.2525e+11  5.15%     -    0s
H    0     0                    2.152419e+11 2.2525e+11  4.65%     -    0s
H    0     0                    2.181293e+11 2.2525e+11  3.26%     -    0s
H    0     0                    2.196011e+11 2.2525e+11  2.57%     -    0s
H    0     0                    2.205276e+11 2.2525e+11  2.14%     -    0s
     0     0 2.2525e+11    0  377 2.2053e+11 2.2525e+11  2.14%     -    0s
     0     0 2.2525e+11    0  377 2.2053e+11 2.2525e+11  2.14%     -    0s
H    0     0                    2.213705e+11 2.2525e+11  1.75%     -    0s
H    0     0                    2.217773e+11 2.2525e+11  1.57%     -    0s
H    0     0                    2.252493e+11 2.2525e+11  0.00%     -    0s

Cutting planes:
  Gomory: 42
  MIR: 114
  StrongCG: 27

Explored 1 nodes (533 simplex iterations) in 0.82 seconds
Thread count was 8 (of 8 available processors)

Solution count 10: 2.25249e+11 2.21777e+11 2.21371e+11 ... -9.96778e+08

Optimal solution found (tolerance 1.00e-04)
Best objective 2.252493404254e+11, best bound 2.252493656476e+11, gap 0.0000%
Warning: variables 3 and 11 have the same name "AC_0"
Warning: default variable names used to write solution file
Optimize a model with 4400 rows, 2000 columns and 533997 nonzeros
Variable types: 0 continuous, 2000 integer (0 binary)
Coefficient statistics:
  Matrix range     [1e+00, 1e+02]
  Objective range  [2e+02, 1e+08]
  Bounds range     [0e+00, 0e+00]
  RHS range        [1e+00, 1e+03]
Found heuristic solution: objective -9.96778e+08
Presolve removed 3615 rows and 138 columns
Presolve time: 0.99s
Presolved: 785 rows, 1862 columns, 6251 nonzeros
Variable types: 0 continuous, 1862 integer (60 binary)

Root relaxation: objective 5.700508e+10, 1197 iterations, 0.05 seconds

    Nodes    |    Current Node    |     Objective Bounds      |     Work
 Expl Unexpl |  Obj  Depth IntInf | Incumbent    BestBd   Gap | It/Node Time

     0     0 5.7005e+10    0   50 -9.968e+08 5.7005e+10  5819%     -    1s
H    0     0                    2.655008e+10 5.7005e+10   115%     -    1s
H    0     0                    3.845843e+10 5.7005e+10  48.2%     -    1s
H    0     0                    4.047256e+10 5.7005e+10  40.8%     -    1s
     0     0 5.4319e+10    0   56 4.0473e+10 5.4319e+10  34.2%     -    1s
H    0     0                    4.312868e+10 5.4319e+10  25.9%     -    1s
     0     0 5.3077e+10    0   66 4.3129e+10 5.3077e+10  23.1%     -    1s
H    0     0                    4.394067e+10 5.3077e+10  20.8%     -    1s
     0     0 5.1518e+10    0  105 4.3941e+10 5.1518e+10  17.2%     -    1s
H    0     0                    4.786470e+10 5.1518e+10  7.63%     -    1s
     0     0 5.1425e+10    0   78 4.7865e+10 5.1425e+10  7.44%     -    1s
     0     0 5.1394e+10    0   77 4.7865e+10 5.1394e+10  7.37%     -    2s
     0     0 5.1391e+10    0   82 4.7865e+10 5.1391e+10  7.37%     -    2s
     0     0 5.0785e+10    0  107 4.7865e+10 5.0785e+10  6.10%     -    2s
     0     0 5.0706e+10    0  117 4.7865e+10 5.0706e+10  5.94%     -    2s
     0     0 5.0695e+10    0  105 4.7865e+10 5.0695e+10  5.91%     -    2s
     0     0 5.0692e+10    0  111 4.7865e+10 5.0692e+10  5.91%     -    2s
     0     0 5.0273e+10    0  122 4.7865e+10 5.0273e+10  5.03%     -    2s
     0     0 4.9949e+10    0  135 4.7865e+10 4.9949e+10  4.35%     -    2s
     0     0 4.9918e+10    0  132 4.7865e+10 4.9918e+10  4.29%     -    2s
     0     0 4.9914e+10    0  120 4.7865e+10 4.9914e+10  4.28%     -    2s
     0     0 4.9912e+10    0  121 4.7865e+10 4.9912e+10  4.28%     -    2s
     0     0 4.9748e+10    0  121 4.7865e+10 4.9748e+10  3.94%     -    2s
     0     0 4.9723e+10    0  137 4.7865e+10 4.9723e+10  3.88%     -    2s
     0     0 4.9710e+10    0  131 4.7865e+10 4.9710e+10  3.86%     -    2s
     0     0 4.9708e+10    0  134 4.7865e+10 4.9708e+10  3.85%     -    2s
     0     0 4.9564e+10    0  117 4.7865e+10 4.9564e+10  3.55%     -    2s
     0     0 4.9500e+10    0  160 4.7865e+10 4.9500e+10  3.42%     -    2s
     0     0 4.9496e+10    0  138 4.7865e+10 4.9496e+10  3.41%     -    2s
     0     0 4.9471e+10    0  116 4.7865e+10 4.9471e+10  3.36%     -    2s
     0     0 4.9413e+10    0  118 4.7865e+10 4.9413e+10  3.23%     -    2s
     0     0 4.9405e+10    0  121 4.7865e+10 4.9405e+10  3.22%     -    2s
     0     0 4.9402e+10    0  154 4.7865e+10 4.9402e+10  3.21%     -    2s
     0     0 4.9356e+10    0  140 4.7865e+10 4.9356e+10  3.11%     -    2s
     0     0 4.9346e+10    0  143 4.7865e+10 4.9346e+10  3.10%     -    2s
     0     0 4.9341e+10    0  128 4.7865e+10 4.9341e+10  3.09%     -    2s
     0     0 4.9308e+10    0  152 4.7865e+10 4.9308e+10  3.01%     -    2s
     0     0 4.9308e+10    0  152 4.7865e+10 4.9308e+10  3.01%     -    2s
     0     2 4.9308e+10    0  152 4.7865e+10 4.9308e+10  3.01%     -    2s
H  123    88                    4.791636e+10 4.9129e+10  2.53%  44.9    3s
H  557   245                    4.792016e+10 4.8709e+10  1.65%  41.2    4s
H  558   244                    4.792173e+10 4.8709e+10  1.64%  41.2    4s
   595   269 4.8464e+10   13  127 4.7922e+10 4.8687e+10  1.60%  40.4    5s
  2151   783 4.8176e+10   21  166 4.7922e+10 4.8244e+10  0.67%  30.0   10s
  3607   698     cutoff   45      4.7922e+10 4.8220e+10  0.62%  31.1   15s
 22642 12660 4.7972e+10   81   13 4.7922e+10 4.8045e+10  0.26%   6.9   20s
 29660 17313 4.7925e+10   73   12 4.7922e+10 4.8041e+10  0.25%   5.8   26s
 43438 24838 4.7923e+10   77    7 4.7922e+10 4.8036e+10  0.24%   4.7   30s
 58922 32676 4.7922e+10   60   15 4.7922e+10 4.8030e+10  0.23%   4.1   35s
 80318 42765 4.7956e+10   58   12 4.7922e+10 4.8023e+10  0.21%   3.7   40s
 101562 51917 4.7969e+10   51   14 4.7922e+10 4.8015e+10  0.20%   3.4   45s
H110138 55335                    4.792173e+10 4.8013e+10  0.19%   3.4   46s
H110732 55611                    4.792173e+10 4.8013e+10  0.19%   3.4   47s
 119324 59270 4.7992e+10   57   15 4.7922e+10 4.8010e+10  0.18%   3.3   50s
 139883 68157 4.7988e+10   56   17 4.7922e+10 4.8006e+10  0.18%   3.2   55s
 160290 77221 4.7934e+10   87   12 4.7922e+10 4.8002e+10  0.17%   3.0   60s
 176980 84403 4.7988e+10   57   13 4.7922e+10 4.8000e+10  0.16%   3.0   65s
 193625 92089 4.7927e+10   61   15 4.7922e+10 4.7998e+10  0.16%   2.9   70s
 215425 101520 4.7961e+10   67   10 4.7922e+10 4.7996e+10  0.16%   2.8   75s
 234677 109676 4.7976e+10   56    9 4.7922e+10 4.7995e+10  0.15%   2.8   80s
 255111 118568 4.7947e+10   78   10 4.7922e+10 4.7993e+10  0.15%   2.7   85s
 274226 126599 4.7940e+10   67   13 4.7922e+10 4.7992e+10  0.15%   2.7   90s
 294387 135094 4.7933e+10   54   11 4.7922e+10 4.7990e+10  0.14%   2.7   95s
 313556 143125 4.7927e+10   68    9 4.7922e+10 4.7989e+10  0.14%   2.6  100s
 331755 150491 4.7952e+10   69    9 4.7922e+10 4.7988e+10  0.14%   2.6  105s
 351894 159119 4.7936e+10   61    9 4.7922e+10 4.7988e+10  0.14%   2.6  110s
 372220 167705 4.7931e+10   63   14 4.7922e+10 4.7987e+10  0.14%   2.6  115s
 391469 175856 4.7952e+10   54   12 4.7922e+10 4.7986e+10  0.13%   2.5  120s
 410597 184147 4.7938e+10   71    8 4.7922e+10 4.7985e+10  0.13%   2.5  125s
 427291 191148 4.7938e+10   59   11 4.7922e+10 4.7985e+10  0.13%   2.5  130s
 448745 199995 4.7956e+10   68    6 4.7922e+10 4.7984e+10  0.13%   2.5  135s
 470041 208959     cutoff   56      4.7922e+10 4.7984e+10  0.13%   2.5  140s
 490045 217437 4.7967e+10   67    8 4.7922e+10 4.7983e+10  0.13%   2.5  145s
 509935 225468     cutoff   70      4.7922e+10 4.7983e+10  0.13%   2.4  150s
 523929 231116 4.7945e+10   63   13 4.7922e+10 4.7982e+10  0.13%   2.4  155s
 543647 238771 4.7967e+10   66   12 4.7922e+10 4.7982e+10  0.13%   2.4  160s
 560933 245601 4.7931e+10   74   11 4.7922e+10 4.7981e+10  0.12%   2.4  165s
 580213 253013 4.7924e+10   71    5 4.7922e+10 4.7981e+10  0.12%   2.4  170s
 600395 260601     cutoff   75      4.7922e+10 4.7981e+10  0.12%   2.4  175s
 618627 267489 4.7972e+10   58   10 4.7922e+10 4.7980e+10  0.12%   2.4  180s
 638653 275074 4.7943e+10   62   13 4.7922e+10 4.7980e+10  0.12%   2.4  185s
 659673 283167 4.7930e+10   75   10 4.7922e+10 4.7979e+10  0.12%   2.4  190s
 673870 288529 infeasible   67      4.7922e+10 4.7979e+10  0.12%   2.4  195s
 694200 296328 4.7938e+10   84    6 4.7922e+10 4.7979e+10  0.12%   2.3  200s
 714392 303999 4.7924e+10   68    8 4.7922e+10 4.7978e+10  0.12%   2.3  205s
 734509 311594 4.7932e+10   67    7 4.7922e+10 4.7978e+10  0.12%   2.3  210s
 754101 318736     cutoff   62      4.7922e+10 4.7978e+10  0.12%   2.3  215s
 773281 325691     cutoff   71      4.7922e+10 4.7977e+10  0.12%   2.3  220s
 793570 333384 4.7969e+10   63   12 4.7922e+10 4.7977e+10  0.12%   2.3  225s
 811858 340083 4.7924e+10   75    7 4.7922e+10 4.7977e+10  0.11%   2.3  230s
 833328 347513 4.7961e+10   62   13 4.7922e+10 4.7976e+10  0.11%   2.3  235s
 852509 354349 4.7927e+10   69   10 4.7922e+10 4.7976e+10  0.11%   2.3  240s
 873216 361563 4.7923e+10   72   10 4.7922e+10 4.7976e+10  0.11%   2.3  245s
 889748 367526 4.7926e+10   59   14 4.7922e+10 4.7976e+10  0.11%   2.3  250s
 908909 374252 4.7963e+10   59   13 4.7922e+10 4.7975e+10  0.11%   2.3  255s
 933104 383143     cutoff   68      4.7922e+10 4.7975e+10  0.11%   2.2  260s
 951404 389598 4.7962e+10   59   10 4.7922e+10 4.7975e+10  0.11%   2.2  265s
 972793 396910 4.7934e+10   64   11 4.7922e+10 4.7974e+10  0.11%   2.2  270s
 995193 404517 4.7932e+10   69    6 4.7922e+10 4.7974e+10  0.11%   2.2  275s
 1012282 410305 4.7924e+10   71    8 4.7922e+10 4.7974e+10  0.11%   2.2  280s
 1033699 417727 4.7942e+10   71   10 4.7922e+10 4.7974e+10  0.11%   2.2  285s
 1051041 423591     cutoff   59      4.7922e+10 4.7973e+10  0.11%   2.2  290s
 1071330 430479 4.7936e+10   78    6 4.7922e+10 4.7973e+10  0.11%   2.2  295s
 1090600 436707 4.7971e+10   58   11 4.7922e+10 4.7973e+10  0.11%   2.2  300s
 1110743 443469 4.7957e+10   58   15 4.7922e+10 4.7973e+10  0.11%   2.1  305s
 1128148 449329 4.7942e+10   52   14 4.7922e+10 4.7972e+10  0.11%   2.1  310s
 1149384 456510 4.7929e+10   70   13 4.7922e+10 4.7972e+10  0.11%   2.1  315s
 1172615 464316     cutoff   52      4.7922e+10 4.7972e+10  0.10%   2.1  320s
 1191985 470758 4.7928e+10   74    9 4.7922e+10 4.7972e+10  0.10%   2.1  325s
 1208745 476328 4.7936e+10   60   11 4.7922e+10 4.7972e+10  0.10%   2.1  330s
 1231445 483909     cutoff   59      4.7922e+10 4.7971e+10  0.10%   2.1  335s
 1250421 490236 4.7932e+10   76    8 4.7922e+10 4.7971e+10  0.10%   2.1  340s
 1272861 497667 4.7931e+10   68    8 4.7922e+10 4.7971e+10  0.10%   2.1  345s
 1297421 505727 4.7939e+10   55   16 4.7922e+10 4.7971e+10  0.10%   2.1  350s
 1326935 515451 4.7925e+10   72    9 4.7922e+10 4.7971e+10  0.10%   2.1  355s
 1355352 524594 4.7954e+10   68    9 4.7922e+10 4.7970e+10  0.10%   2.1  360s
 1388845 535528     cutoff   58      4.7922e+10 4.7970e+10  0.10%   2.1  365s
 1424290 546936 4.7945e+10   69    8 4.7922e+10 4.7970e+10  0.10%   2.0  370s
 1457763 557858 4.7959e+10   55   13 4.7922e+10 4.7969e+10  0.10%   2.0  375s
 1489165 567583 4.7969e+10   67    9 4.7922e+10 4.7969e+10  0.10%   2.0  380s
 1518075 576553     cutoff   85      4.7922e+10 4.7969e+10  0.10%   2.0  385s
 1552596 587545 4.7946e+10   63   12 4.7922e+10 4.7969e+10  0.10%   2.0  390s
 1586952 598335 4.7939e+10   61    8 4.7922e+10 4.7968e+10  0.10%   2.0  395s
 1617329 607695 4.7930e+10   66   11 4.7922e+10 4.7968e+10  0.10%   2.0  400s
 1652212 618356     cutoff   69      4.7922e+10 4.7968e+10  0.10%   2.0  405s
 1686603 628893 4.7932e+10   62   13 4.7922e+10 4.7968e+10  0.10%   2.0  410s
 1724127 640764 4.7959e+10   66   13 4.7922e+10 4.7968e+10  0.10%   2.0  415s
 1760728 651469 4.7923e+10   63   14 4.7922e+10 4.7967e+10  0.10%   2.0  420s
 1793153 660863 4.7967e+10   50   18 4.7922e+10 4.7967e+10  0.09%   2.0  425s
 1827552 671222 4.7952e+10   53   14 4.7922e+10 4.7967e+10  0.09%   2.0  430s
 1862147 681668 4.7930e+10   71    9 4.7922e+10 4.7967e+10  0.09%   2.0  435s
 1893475 691127 4.7949e+10   67   10 4.7922e+10 4.7966e+10  0.09%   1.9  440s
 1929440 701924 4.7939e+10   66   14 4.7922e+10 4.7966e+10  0.09%   1.9  445s
 1964126 712060 4.7953e+10   58   12 4.7922e+10 4.7966e+10  0.09%   1.9  450s
 1996220 721298     cutoff   64      4.7922e+10 4.7966e+10  0.09%   1.9  455s
 2027449 730198 4.7940e+10   71    7 4.7922e+10 4.7966e+10  0.09%   1.9  460s
 2056594 738630     cutoff   62      4.7922e+10 4.7966e+10  0.09%   1.9  465s
 2086966 747421 4.7927e+10   69   13 4.7922e+10 4.7965e+10  0.09%   1.9  470s
 2118015 756409     cutoff   58      4.7922e+10 4.7965e+10  0.09%   1.9  475s
 2138840 762336 4.7927e+10   74    9 4.7922e+10 4.7965e+10  0.09%   1.9  480s
 2168708 770712 4.7934e+10   66    9 4.7922e+10 4.7965e+10  0.09%   2.0  485s
 2199757 779438 4.7923e+10   70    7 4.7922e+10 4.7965e+10  0.09%   2.0  490s
 2229044 787829 4.7942e+10   69    9 4.7922e+10 4.7965e+10  0.09%   2.0  495s
 2261171 797108 4.7933e+10   68    8 4.7922e+10 4.7965e+10  0.09%   2.0  500s
 2292394 805772 4.7962e+10   60   16 4.7922e+10 4.7964e+10  0.09%   2.0  505s
 2323515 814405     cutoff   56      4.7922e+10 4.7964e+10  0.09%   2.0  510s
 2344496 820304 4.7943e+10   65   11 4.7922e+10 4.7964e+10  0.09%   2.0  515s
 2351585 822274 4.7939e+10   62   11 4.7922e+10 4.7964e+10  0.09%   2.0  520s
 2370620 827561 4.7959e+10   53   10 4.7922e+10 4.7964e+10  0.09%   2.0  525s
 2395757 834815 4.7930e+10   68   10 4.7922e+10 4.7964e+10  0.09%   2.0  530s
 2423180 842517 4.7939e+10   64   13 4.7922e+10 4.7964e+10  0.09%   2.0  535s
 2450259 850320 4.7942e+10   62   14 4.7922e+10 4.7964e+10  0.09%   2.0  540s
 2481784 859026 4.7948e+10   66    7 4.7922e+10 4.7964e+10  0.09%   2.0  545s
 2514986 868716 4.7936e+10   80    7 4.7922e+10 4.7963e+10  0.09%   2.0  550s
 2542980 876626 4.7940e+10   68    9 4.7922e+10 4.7963e+10  0.09%   2.0  555s
 2570999 884710     cutoff   68      4.7922e+10 4.7963e+10  0.09%   2.0  560s
 2593305 891224 4.7923e+10   63    9 4.7922e+10 4.7963e+10  0.09%   2.0  565s
 2612323 896735 4.7937e+10   67   15 4.7922e+10 4.7963e+10  0.09%   2.0  570s
 2633392 902767 4.7948e+10   71   11 4.7922e+10 4.7963e+10  0.09%   2.0  575s
 2652376 907894 4.7940e+10   74    8 4.7922e+10 4.7963e+10  0.09%   2.0  580s
 2672377 913357 4.7952e+10   42   24 4.7922e+10 4.7963e+10  0.09%   2.0  585s
 2691624 918616 4.7955e+10   66   10 4.7922e+10 4.7963e+10  0.09%   2.0  590s
 2706639 922750 4.7925e+10   75    9 4.7922e+10 4.7963e+10  0.09%   2.0  595s
 2725998 927924     cutoff   59      4.7922e+10 4.7963e+10  0.09%   2.0  600s
 2745890 933372 4.7923e+10   80    9 4.7922e+10 4.7962e+10  0.09%   2.0  605s
 2763953 938210 4.7925e+10   64   10 4.7922e+10 4.7962e+10  0.08%   2.0  610s
 2782978 943255     cutoff   80      4.7922e+10 4.7962e+10  0.08%   2.0  615s
 2795296 946540 4.7941e+10   65   11 4.7922e+10 4.7962e+10  0.08%   2.0  621s
 2806347 949527 4.7925e+10   64   11 4.7922e+10 4.7962e+10  0.08%   2.0  625s
 2823534 954041 4.7948e+10   69    8 4.7922e+10 4.7962e+10  0.08%   2.0  630s
 2835639 957470 4.7926e+10   66   10 4.7922e+10 4.7962e+10  0.08%   2.0  635s
 2851002 961491 4.7946e+10   60   12 4.7922e+10 4.7962e+10  0.08%   2.0  640s
 2870155 966561 4.7924e+10   66   10 4.7922e+10 4.7962e+10  0.08%   2.0  645s
 2889223 971591 4.7930e+10   69    9 4.7922e+10 4.7962e+10  0.08%   2.0  650s
 2907189 976253     cutoff   66      4.7922e+10 4.7962e+10  0.08%   2.0  655s
 2927182 981606 4.7926e+10   69   10 4.7922e+10 4.7962e+10  0.08%   2.0  660s
 2946285 986540 4.7933e+10   67   11 4.7922e+10 4.7962e+10  0.08%   2.0  665s
 2965406 991487 4.7962e+10   61   13 4.7922e+10 4.7962e+10  0.08%   2.0  670s
 2983356 996065 4.7923e+10   59   11 4.7922e+10 4.7962e+10  0.08%   2.0  675s
 3003035 1001256 4.7935e+10   68    8 4.7922e+10 4.7962e+10  0.08%   2.0  680s
 3022091 1006199 4.7951e+10   59   14 4.7922e+10 4.7961e+10  0.08%   2.0  685s
 3042482 1011529 4.7941e+10   51   13 4.7922e+10 4.7961e+10  0.08%   2.0  690s
 3062766 1017014 4.7947e+10   65   10 4.7922e+10 4.7961e+10  0.08%   2.0  695s
 3082132 1021830 4.7939e+10   61   15 4.7922e+10 4.7961e+10  0.08%   2.0  700s
 3101348 1026588 4.7930e+10   65   13 4.7922e+10 4.7961e+10  0.08%   2.0  705s
 3121432 1031867 4.7951e+10   62   15 4.7922e+10 4.7961e+10  0.08%   2.0  710s
 3144879 1037912 4.7928e+10   62    9 4.7922e+10 4.7961e+10  0.08%   2.0  715s
 3173205 1045216 4.7934e+10   93    8 4.7922e+10 4.7961e+10  0.08%   2.0  720s
 3203558 1052802 4.7926e+10   69    9 4.7922e+10 4.7961e+10  0.08%   2.0  725s
 3236059 1061200     cutoff   74      4.7922e+10 4.7961e+10  0.08%   2.0  730s
 3265468 1068754 4.7945e+10   60   14 4.7922e+10 4.7961e+10  0.08%   2.0  735s
 3298993 1077183 4.7927e+10   58   11 4.7922e+10 4.7961e+10  0.08%   2.0  740s
 3333398 1085988 4.7952e+10   54   14 4.7922e+10 4.7960e+10  0.08%   2.0  745s
 3366952 1094291 4.7950e+10   69   17 4.7922e+10 4.7960e+10  0.08%   2.0  750s
 3399407 1102572 4.7934e+10   56   11 4.7922e+10 4.7960e+10  0.08%   2.0  755s
 3432562 1111136 4.7937e+10   68   11 4.7922e+10 4.7960e+10  0.08%   1.9  760s
 3466287 1119329 4.7952e+10   69   11 4.7922e+10 4.7960e+10  0.08%   1.9  765s
 3500602 1127599 4.7931e+10   79    9 4.7922e+10 4.7960e+10  0.08%   1.9  770s
 3532036 1135286 4.7960e+10   68    8 4.7922e+10 4.7960e+10  0.08%   1.9  775s
 3564564 1143098 4.7932e+10   76    8 4.7922e+10 4.7960e+10  0.08%   1.9  780s
 3596909 1151001 4.7924e+10   75    9 4.7922e+10 4.7960e+10  0.08%   1.9  785s
 3628361 1158766 4.7960e+10   63    9 4.7922e+10 4.7960e+10  0.08%   1.9  790s
 3654541 1165258 4.7939e+10   58   12 4.7922e+10 4.7960e+10  0.08%   1.9  795s
 3683934 1172226 4.7924e+10   67    7 4.7922e+10 4.7960e+10  0.08%   1.9  800s
 3716288 1180236 4.7927e+10   76   10 4.7922e+10 4.7959e+10  0.08%   1.9  805s
 3746789 1187781 4.7949e+10   56   12 4.7922e+10 4.7959e+10  0.08%   1.9  810s
 3779248 1195537 4.7951e+10   73   11 4.7922e+10 4.7959e+10  0.08%   1.9  815s
 3812660 1203523     cutoff   65      4.7922e+10 4.7959e+10  0.08%   1.9  820s
 3844879 1211229     cutoff   69      4.7922e+10 4.7959e+10  0.08%   1.9  825s
 3876367 1218748 4.7959e+10   57   14 4.7922e+10 4.7959e+10  0.08%   1.9  830s
 3909808 1226611     cutoff   67      4.7922e+10 4.7959e+10  0.08%   1.9  835s
 3943182 1234474     cutoff   73      4.7922e+10 4.7959e+10  0.08%   1.9  840s
 3976718 1242440     cutoff   63      4.7922e+10 4.7959e+10  0.08%   1.9  845s
 4003153 1248877     cutoff   71      4.7922e+10 4.7959e+10  0.08%   1.9  850s
 4034593 1256274 4.7929e+10   71    6 4.7922e+10 4.7959e+10  0.08%   1.9  855s
 4065283 1263392 4.7930e+10   75    7 4.7922e+10 4.7959e+10  0.08%   1.9  860s
 4098700 1271369 4.7924e+10   74   10 4.7922e+10 4.7958e+10  0.08%   1.9  865s
 4130877 1278782 4.7944e+10   66    6 4.7922e+10 4.7958e+10  0.08%   1.9  870s
 4164555 1286848 4.7932e+10   65    9 4.7922e+10 4.7958e+10  0.08%   1.9  875s
 4198922 1294755 4.7929e+10   65   12 4.7922e+10 4.7958e+10  0.08%   1.9  880s
 4233256 1302654 4.7938e+10   54   12 4.7922e+10 4.7958e+10  0.08%   1.9  885s
 4267827 1310414 4.7928e+10   69    8 4.7922e+10 4.7958e+10  0.08%   1.9  890s
 4300055 1317624 4.7926e+10   75    7 4.7922e+10 4.7958e+10  0.08%   1.9  895s
 4333443 1325193 4.7927e+10   60   11 4.7922e+10 4.7958e+10  0.08%   1.9  900s
 4364927 1332036 4.7953e+10   62   13 4.7922e+10 4.7958e+10  0.08%   1.9  905s
 4398382 1339547 4.7936e+10   71   11 4.7922e+10 4.7958e+10  0.08%   1.9  910s
 4431796 1346962 4.7958e+10   66   13 4.7922e+10 4.7958e+10  0.07%   1.9  915s
 4465142 1354357 4.7925e+10   70   11 4.7922e+10 4.7958e+10  0.07%   1.9  920s
 4499752 1362079 4.7946e+10   61   13 4.7922e+10 4.7957e+10  0.07%   1.9  925s
 4532984 1369345 4.7928e+10   65   14 4.7922e+10 4.7957e+10  0.07%   1.9  930s
 4566445 1376662 4.7940e+10   64    9 4.7922e+10 4.7957e+10  0.07%   1.9  935s
 4596828 1383366     cutoff   66      4.7922e+10 4.7957e+10  0.07%   1.9  940s
 4624096 1389264 4.7953e+10   59   15 4.7922e+10 4.7957e+10  0.07%   1.9  945s
 4652490 1395478 4.7923e+10   89    5 4.7922e+10 4.7957e+10  0.07%   1.9  950s
 4684088 1402398 4.7938e+10   60   17 4.7922e+10 4.7957e+10  0.07%   1.9  955s
 4714429 1408965 4.7953e+10   54   13 4.7922e+10 4.7957e+10  0.07%   1.9  960s
 4747862 1416194 4.7943e+10   76   10 4.7922e+10 4.7957e+10  0.07%   1.9  965s
 4780236 1423137     cutoff   78      4.7922e+10 4.7957e+10  0.07%   1.9  970s
 4813679 1430243 4.7929e+10   72   13 4.7922e+10 4.7957e+10  0.07%   1.9  975s
 4845110 1437177     cutoff   63      4.7922e+10 4.7957e+10  0.07%   1.9  980s
 4876333 1443914     cutoff   60      4.7922e+10 4.7957e+10  0.07%   1.9  985s
 4906756 1450356 4.7924e+10   61   10 4.7922e+10 4.7957e+10  0.07%   1.9  990s
 4937213 1457049 4.7950e+10   60   11 4.7922e+10 4.7957e+10  0.07%   1.9  995s
 4969530 1463586 4.7927e+10   73    5 4.7922e+10 4.7956e+10  0.07%   1.9 1000s
 5003075 1470872 4.7956e+10   70   14 4.7922e+10 4.7956e+10  0.07%   1.9 1005s
 5033462 1477298 4.7929e+10   76    9 4.7922e+10 4.7956e+10  0.07%   1.9 1010s
 5057857 1482372 4.7947e+10   43   20 4.7922e+10 4.7956e+10  0.07%   1.9 1015s
 5089375 1488856 4.7935e+10   71   10 4.7922e+10 4.7956e+10  0.07%   1.9 1020s
 5121702 1495615 4.7930e+10   57   13 4.7922e+10 4.7956e+10  0.07%   1.9 1025s
 5152334 1502031 4.7925e+10   72    7 4.7922e+10 4.7956e+10  0.07%   1.9 1030s
 5184803 1508641 4.7942e+10   68   11 4.7922e+10 4.7956e+10  0.07%   1.9 1035s
 5215220 1515157 4.7934e+10   69   10 4.7922e+10 4.7956e+10  0.07%   1.9 1040s
 5247702 1521979     cutoff   62      4.7922e+10 4.7956e+10  0.07%   1.9 1045s
 5274878 1527735 4.7940e+10   78    9 4.7922e+10 4.7956e+10  0.07%   1.9 1050s
 5307407 1534397 4.7944e+10   60   14 4.7922e+10 4.7956e+10  0.07%   1.9 1055s
 5339736 1541060     cutoff   73      4.7922e+10 4.7956e+10  0.07%   1.9 1060s
 5371111 1547462 4.7948e+10   63   13 4.7922e+10 4.7956e+10  0.07%   1.9 1065s
 5403583 1553980     cutoff   70      4.7922e+10 4.7956e+10  0.07%   1.9 1070s
 5431938 1559790 4.7951e+10   69   16 4.7922e+10 4.7956e+10  0.07%   1.9 1075s
 5460390 1565733     cutoff   51      4.7922e+10 4.7956e+10  0.07%   1.9 1080s
 5490833 1571960 4.7955e+10   70   10 4.7922e+10 4.7955e+10  0.07%   1.9 1085s
 5521029 1578122 4.7930e+10   64   13 4.7922e+10 4.7955e+10  0.07%   1.9 1090s
 5550536 1584186 4.7935e+10   69   11 4.7922e+10 4.7955e+10  0.07%   1.9 1095s
 5582824 1590760 4.7928e+10   61    8 4.7922e+10 4.7955e+10  0.07%   1.9 1100s
 5613177 1597012 4.7929e+10   55   12 4.7922e+10 4.7955e+10  0.07%   1.9 1105s
 5644597 1603277 4.7933e+10   64    9 4.7922e+10 4.7955e+10  0.07%   1.9 1110s
 5675042 1609285 4.7926e+10   73    8 4.7922e+10 4.7955e+10  0.07%   1.9 1115s
 5705343 1615225 4.7942e+10   65   10 4.7922e+10 4.7955e+10  0.07%   1.9 1120s
 5735665 1621320 4.7931e+10   75   10 4.7922e+10 4.7955e+10  0.07%   1.9 1125s
 5763329 1626739 4.7953e+10   58   10 4.7922e+10 4.7955e+10  0.07%   1.9 1130s
 5793793 1632665 4.7931e+10   78    7 4.7922e+10 4.7955e+10  0.07%   1.9 1135s
 5825257 1638847 4.7933e+10   76   11 4.7922e+10 4.7955e+10  0.07%   1.9 1140s
 5856617 1645189     cutoff   72      4.7922e+10 4.7955e+10  0.07%   1.9 1145s
 5886826 1651480 4.7928e+10   71    8 4.7922e+10 4.7955e+10  0.07%   1.9 1150s
 5918307 1657532 4.7954e+10   61   17 4.7922e+10 4.7955e+10  0.07%   1.9 1155s
 5949608 1663733 4.7944e+10   80    8 4.7922e+10 4.7955e+10  0.07%   1.9 1160s
 5977937 1669351 4.7926e+10   62   13 4.7922e+10 4.7955e+10  0.07%   1.9 1165s
 6008389 1675372 4.7933e+10   77    7 4.7922e+10 4.7955e+10  0.07%   1.9 1170s
 6038864 1681430 4.7951e+10   67   10 4.7922e+10 4.7955e+10  0.07%   1.8 1175s
 6067097 1686866 4.7950e+10   58   10 4.7922e+10 4.7954e+10  0.07%   1.8 1180s
 6097564 1692549 4.7927e+10   73    7 4.7922e+10 4.7954e+10  0.07%   1.8 1185s
 6127861 1698412 4.7943e+10   63   13 4.7922e+10 4.7954e+10  0.07%   1.8 1190s
 6158276 1704108 4.7947e+10   75   12 4.7922e+10 4.7954e+10  0.07%   1.8 1195s
 6183762 1708734 4.7924e+10   56   12 4.7922e+10 4.7954e+10  0.07%   1.8 1200s
 6212085 1714278     cutoff   74      4.7922e+10 4.7954e+10  0.07%   1.8 1205s
 6240515 1719718 4.7952e+10   63   12 4.7922e+10 4.7954e+10  0.07%   1.8 1210s
 6267859 1725146 4.7931e+10   84   10 4.7922e+10 4.7954e+10  0.07%   1.8 1215s
 6297417 1730886     cutoff   70      4.7922e+10 4.7954e+10  0.07%   1.8 1220s
 6326642 1736361 4.7937e+10   70   12 4.7922e+10 4.7954e+10  0.07%   1.8 1225s
 6356019 1741933 4.7952e+10   61   11 4.7922e+10 4.7954e+10  0.07%   1.8 1230s
 6386359 1747504     cutoff   74      4.7922e+10 4.7954e+10  0.07%   1.8 1235s
 6416618 1753258     cutoff   71      4.7922e+10 4.7954e+10  0.07%   1.8 1240s
 6446051 1758862 4.7945e+10   51   19 4.7922e+10 4.7954e+10  0.07%   1.8 1245s
 6476365 1764692 4.7930e+10   75    6 4.7922e+10 4.7954e+10  0.07%   1.8 1250s
 6506836 1770449 4.7928e+10   73    7 4.7922e+10 4.7954e+10  0.07%   1.8 1255s
 6536208 1775877 4.7932e+10   65    9 4.7922e+10 4.7954e+10  0.07%   1.8 1260s
 6565504 1781323 4.7939e+10   65   12 4.7922e+10 4.7954e+10  0.07%   1.8 1265s
 6595866 1786884 4.7952e+10   61   13 4.7922e+10 4.7954e+10  0.07%   1.8 1270s
 6625205 1792467 4.7948e+10   68   14 4.7922e+10 4.7954e+10  0.07%   1.8 1275s
 6655538 1797778 4.7950e+10   68   11 4.7922e+10 4.7954e+10  0.07%   1.8 1280s
 6684823 1803002 4.7923e+10   74   12 4.7922e+10 4.7954e+10  0.07%   1.8 1285s
 6714060 1808156 4.7930e+10   78    8 4.7922e+10 4.7953e+10  0.07%   1.8 1290s
 6741470 1813039     cutoff   68      4.7922e+10 4.7953e+10  0.07%   1.8 1295s
 6774068 1818640 4.7935e+10   66   16 4.7922e+10 4.7953e+10  0.07%   1.8 1300s
 6799933 1823363     cutoff   78      4.7922e+10 4.7953e+10  0.07%   1.8 1305s
 6824157 1827750 4.7943e+10   64   10 4.7922e+10 4.7953e+10  0.07%   1.8 1310s
 6856418 1833485 4.7953e+10   65   13 4.7922e+10 4.7953e+10  0.07%   1.8 1315s
 6888086 1838918 4.7949e+10   64   12 4.7922e+10 4.7953e+10  0.07%   1.8 1320s
 6919138 1844236     cutoff   57      4.7922e+10 4.7953e+10  0.07%   1.8 1325s
 6952205 1849844     cutoff   62      4.7922e+10 4.7953e+10  0.07%   1.8 1330s
 6986215 1855626     cutoff   64      4.7922e+10 4.7953e+10  0.07%   1.8 1335s
 7018536 1861080 4.7951e+10   62   11 4.7922e+10 4.7953e+10  0.07%   1.8 1340s
 7050531 1866771 4.7931e+10   65   14 4.7922e+10 4.7953e+10  0.07%   1.8 1345s
 7084724 1872472 4.7931e+10   58   11 4.7922e+10 4.7953e+10  0.07%   1.8 1350s
 7115743 1877887 4.7926e+10   83    7 4.7922e+10 4.7953e+10  0.06%   1.8 1355s
 7148755 1883795     cutoff   68      4.7922e+10 4.7953e+10  0.06%   1.9 1360s
 7176762 1888762 4.7947e+10   74    9 4.7922e+10 4.7953e+10  0.06%   1.9 1365s
 7208104 1894041     cutoff   80      4.7922e+10 4.7953e+10  0.06%   1.9 1370s
 7233375 1898277 4.7930e+10   70   10 4.7922e+10 4.7953e+10  0.06%   1.9 1375s
 7266666 1903731 4.7953e+10   66   13 4.7922e+10 4.7953e+10  0.06%   1.9 1380s
 7298759 1908999 4.7934e+10   64   11 4.7922e+10 4.7953e+10  0.06%   1.9 1385s
 7332035 1914648 4.7948e+10   72    9 4.7922e+10 4.7953e+10  0.06%   1.9 1390s
 7365065 1920150 4.7949e+10   66    9 4.7922e+10 4.7953e+10  0.06%   1.9 1395s
 7397372 1925731 4.7940e+10   75   12 4.7922e+10 4.7952e+10  0.06%   1.9 1400s
 7431457 1931434 4.7934e+10   78    9 4.7922e+10 4.7952e+10  0.06%   1.9 1405s
 7463518 1936540 4.7946e+10   67   12 4.7922e+10 4.7952e+10  0.06%   1.9 1410s
 7495758 1941694 4.7943e+10   55   11 4.7922e+10 4.7952e+10  0.06%   1.9 1415s
 7528892 1946953 4.7944e+10   73    8 4.7922e+10 4.7952e+10  0.06%   1.9 1420s
 7561064 1952209     cutoff   81      4.7922e+10 4.7952e+10  0.06%   1.9 1425s
 7592072 1957302 4.7943e+10   57   14 4.7922e+10 4.7952e+10  0.06%   1.9 1430s
 7621146 1961935     cutoff   67      4.7922e+10 4.7952e+10  0.06%   1.9 1435s
 7653277 1967205 4.7940e+10   65   10 4.7922e+10 4.7952e+10  0.06%   1.9 1440s
 7685466 1972299 4.7923e+10   61   11 4.7922e+10 4.7952e+10  0.06%   1.9 1445s
 7718772 1977603 4.7942e+10   83    5 4.7922e+10 4.7952e+10  0.06%   1.9 1450s
 7749658 1982491     cutoff   81      4.7922e+10 4.7952e+10  0.06%   1.9 1455s
 7781986 1987673 4.7934e+10   66   10 4.7922e+10 4.7952e+10  0.06%   1.9 1460s
H7811961 1992471                    4.792173e+10 4.7952e+10  0.06%   1.9 1465s
 7842292 1997474     cutoff   65      4.7922e+10 4.7952e+10  0.06%   1.9 1470s
 7874599 2002413 4.7940e+10   67   11 4.7922e+10 4.7952e+10  0.06%   1.9 1475s
 7907768 2007606 4.7937e+10   65   12 4.7922e+10 4.7952e+10  0.06%   1.9 1480s
 7939803 2012615 4.7950e+10   71   11 4.7922e+10 4.7952e+10  0.06%   1.9 1485s
 7971088 2017729 4.7939e+10   64   11 4.7922e+10 4.7952e+10  0.06%   1.9 1490s
 8005213 2023106     cutoff   75      4.7922e+10 4.7952e+10  0.06%   1.9 1495s
 8036383 2027901 4.7929e+10   68   10 4.7922e+10 4.7952e+10  0.06%   1.9 1500s
 8059857 2031421 4.7942e+10   62   14 4.7922e+10 4.7952e+10  0.06%   1.9 1505s
 8094230 2036599 4.7925e+10   68   12 4.7922e+10 4.7951e+10  0.06%   1.9 1510s
 8126550 2041966     cutoff   55      4.7922e+10 4.7951e+10  0.06%   1.9 1515s
 8158585 2046870 4.7924e+10   70   11 4.7922e+10 4.7951e+10  0.06%   1.9 1520s
 8192540 2051934 4.7925e+10   56   13 4.7922e+10 4.7951e+10  0.06%   1.9 1525s
 8224876 2056906 4.7940e+10   75    6 4.7922e+10 4.7951e+10  0.06%   1.9 1530s
 8256906 2061908     cutoff   64      4.7922e+10 4.7951e+10  0.06%   1.9 1535s
 8289973 2066828 4.7931e+10   77    4 4.7922e+10 4.7951e+10  0.06%   1.9 1540s
 8322273 2071315 4.7933e+10   79    8 4.7922e+10 4.7951e+10  0.06%   1.9 1545s
 8355427 2076263 4.7927e+10   68   14 4.7922e+10 4.7951e+10  0.06%   1.9 1550s
H8361311 2077153                    4.792173e+10 4.7951e+10  0.06%   1.9 1551s
 8385577 2080406 4.7946e+10   75   12 4.7922e+10 4.7951e+10  0.06%   1.9 1555s
 8416620 2084903 4.7937e+10   63   11 4.7922e+10 4.7951e+10  0.06%   1.9 1560s
 8449705 2089730 4.7929e+10   69    9 4.7922e+10 4.7951e+10  0.06%   1.9 1565s
 8481951 2094308 4.7942e+10   65    9 4.7922e+10 4.7951e+10  0.06%   1.9 1570s
 8514088 2098948 4.7925e+10   68   12 4.7922e+10 4.7951e+10  0.06%   1.9 1575s
 8547244 2103544 4.7951e+10   63   13 4.7922e+10 4.7951e+10  0.06%   1.9 1580s
 8579407 2108137 4.7949e+10   68    8 4.7922e+10 4.7951e+10  0.06%   1.9 1585s
 8611536 2112768     cutoff   74      4.7922e+10 4.7951e+10  0.06%   1.9 1590s
 8644443 2117554 4.7930e+10   68    9 4.7922e+10 4.7951e+10  0.06%   1.9 1595s
 8676620 2122209 4.7932e+10   62    9 4.7922e+10 4.7951e+10  0.06%   1.9 1600s
 8707866 2126672 4.7949e+10   71    9 4.7922e+10 4.7951e+10  0.06%   1.9 1605s
 8730858 2130088 4.7926e+10   60   12 4.7922e+10 4.7951e+10  0.06%   1.9 1610s
 8761047 2134430 4.7931e+10   73   11 4.7922e+10 4.7951e+10  0.06%   1.9 1615s
 8793234 2138964 4.7941e+10   56   11 4.7922e+10 4.7951e+10  0.06%   1.9 1620s
 8825346 2143418 4.7934e+10   72   10 4.7922e+10 4.7951e+10  0.06%   1.9 1625s
 8857398 2147718 4.7938e+10   67   12 4.7922e+10 4.7950e+10  0.06%   1.9 1630s
 8889728 2152191 4.7939e+10   67   12 4.7922e+10 4.7950e+10  0.06%   1.9 1635s
 8922765 2156837     cutoff   57      4.7922e+10 4.7950e+10  0.06%   1.9 1640s
 8953734 2161023 4.7929e+10   77    5 4.7922e+10 4.7950e+10  0.06%   1.9 1645s
 8985964 2165273 4.7950e+10   70    9 4.7922e+10 4.7950e+10  0.06%   1.9 1650s
 9020065 2170170 4.7923e+10   79    6 4.7922e+10 4.7950e+10  0.06%   1.9 1655s
 9051160 2174243 4.7946e+10   75   11 4.7922e+10 4.7950e+10  0.06%   1.9 1660s
 9083382 2178327 4.7927e+10   73   11 4.7922e+10 4.7950e+10  0.06%   1.9 1665s
 9116495 2182590 4.7948e+10   68   12 4.7922e+10 4.7950e+10  0.06%   1.9 1670s
 9148724 2187203 4.7934e+10   82   11 4.7922e+10 4.7950e+10  0.06%   1.9 1675s
 9180767 2191620 4.7935e+10   75    9 4.7922e+10 4.7950e+10  0.06%   1.9 1680s
 9213832 2196001     cutoff   63      4.7922e+10 4.7950e+10  0.06%   1.9 1685s
 9245022 2200288 4.7941e+10   55   12 4.7922e+10 4.7950e+10  0.06%   1.9 1690s
 9276988 2204584     cutoff   61      4.7922e+10 4.7950e+10  0.06%   1.9 1695s
 9303046 2208143 4.7944e+10   66   11 4.7922e+10 4.7950e+10  0.06%   1.9 1700s
 9330074 2211570 4.7924e+10   71    7 4.7922e+10 4.7950e+10  0.06%   1.9 1705s
 9362410 2215854 4.7929e+10   60   16 4.7922e+10 4.7950e+10  0.06%   1.9 1710s
 9395548 2219974 4.7923e+10   70    7 4.7922e+10 4.7950e+10  0.06%   1.9 1715s
 9427598 2224078 4.7941e+10   56   11 4.7922e+10 4.7950e+10  0.06%   1.9 1720s
 9459675 2228025 4.7930e+10   67    9 4.7922e+10 4.7950e+10  0.06%   1.9 1725s
 9492777 2232229 4.7931e+10   78    8 4.7922e+10 4.7950e+10  0.06%   1.9 1730s
 9522880 2236030     cutoff   61      4.7922e+10 4.7950e+10  0.06%   1.9 1735s
 9556151 2240533     cutoff   62      4.7922e+10 4.7950e+10  0.06%   1.9 1740s
 9586167 2244093 4.7922e+10   66    7 4.7922e+10 4.7950e+10  0.06%   1.9 1745s
 9615378 2248031 4.7922e+10   82    2 4.7922e+10 4.7949e+10  0.06%   1.9 1750s
 9640466 2251201 4.7925e+10   78    7 4.7922e+10 4.7949e+10  0.06%   1.9 1755s
 9670617 2254769 4.7943e+10   75   13 4.7922e+10 4.7949e+10  0.06%   1.9 1760s
 9700498 2258388 4.7925e+10   63   11 4.7922e+10 4.7949e+10  0.06%   1.9 1765s
 9730686 2262278 4.7946e+10   71   13 4.7922e+10 4.7949e+10  0.06%   1.9 1770s
 9758873 2265757 4.7924e+10   73    8 4.7922e+10 4.7949e+10  0.06%   1.9 1775s
 9788808 2269643 4.7923e+10   80    7 4.7922e+10 4.7949e+10  0.06%   1.9 1780s
 9819147 2273113 4.7945e+10   62   12 4.7922e+10 4.7949e+10  0.06%   1.9 1785s
 9849401 2276683 4.7946e+10   54    9 4.7922e+10 4.7949e+10  0.06%   1.9 1790s
 9878844 2280315 4.7931e+10   57   11 4.7922e+10 4.7949e+10  0.06%   1.9 1795s
 9909080 2283907     cutoff   71      4.7922e+10 4.7949e+10  0.06%   1.9 1800s
 9937527 2287323 4.7942e+10   75   11 4.7922e+10 4.7949e+10  0.06%   1.9 1805s
 9966937 2290872 4.7934e+10   73    8 4.7922e+10 4.7949e+10  0.06%   1.9 1810s
 9997142 2294495 4.7949e+10   61   15 4.7922e+10 4.7949e+10  0.06%   1.9 1815s
 10026453 2297969 4.7944e+10   60   12 4.7922e+10 4.7949e+10  0.06%   1.9 1820s
 10055913 2301361     cutoff   72      4.7922e+10 4.7949e+10  0.06%   1.9 1825s
 10088201 2305322 4.7936e+10   67   10 4.7922e+10 4.7949e+10  0.06%   1.9 1830s
 10118677 2308822     cutoff   71      4.7922e+10 4.7949e+10  0.06%   1.9 1835s
 10149127 2312477 4.7945e+10   60    9 4.7922e+10 4.7949e+10  0.06%   1.9 1840s
 10174364 2315376 4.7938e+10   63   11 4.7922e+10 4.7949e+10  0.06%   1.9 1845s
 10204774 2318917 4.7942e+10   70   13 4.7922e+10 4.7949e+10  0.06%   1.9 1850s
 10236352 2322790 4.7924e+10   77    9 4.7922e+10 4.7949e+10  0.06%   1.9 1855s
 10269490 2326825 4.7937e+10   70    8 4.7922e+10 4.7949e+10  0.06%   1.9 1860s
 10300928 2330553     cutoff   71      4.7922e+10 4.7949e+10  0.06%   1.9 1865s
 10333433 2334226 4.7936e+10   59   11 4.7922e+10 4.7949e+10  0.06%   1.9 1870s
 10366597 2338126 4.7935e+10   67   12 4.7922e+10 4.7949e+10  0.06%   1.9 1875s
 10398005 2341953 4.7933e+10   75    9 4.7922e+10 4.7949e+10  0.06%   1.9 1880s
 10430425 2345635 4.7934e+10   73    9 4.7922e+10 4.7949e+10  0.06%   1.9 1885s
 10462930 2349420 4.7947e+10   66    9 4.7922e+10 4.7948e+10  0.06%   1.9 1890s
 10494169 2352996 4.7943e+10   69   13 4.7922e+10 4.7948e+10  0.06%   1.9 1895s
 10526579 2356683 4.7931e+10   76   10 4.7922e+10 4.7948e+10  0.06%   1.9 1900s
 10559064 2360194 4.7931e+10   64   16 4.7922e+10 4.7948e+10  0.06%   1.9 1905s
 10582330 2362726     cutoff   64      4.7922e+10 4.7948e+10  0.06%   1.9 1910s
 10614738 2366357     cutoff   73      4.7922e+10 4.7948e+10  0.06%   1.9 1915s
 10647171 2370073     cutoff   64      4.7922e+10 4.7948e+10  0.06%   1.9 1920s
 10678483 2373461 4.7934e+10   83    7 4.7922e+10 4.7948e+10  0.06%   1.9 1925s
 10711996 2377224 4.7948e+10   72   10 4.7922e+10 4.7948e+10  0.06%   1.9 1930s
 10743272 2380557 4.7947e+10   57   13 4.7922e+10 4.7948e+10  0.06%   1.9 1935s
 10775736 2383843 4.7936e+10   62   10 4.7922e+10 4.7948e+10  0.06%   1.9 1940s
 10808038 2387234     cutoff   71      4.7922e+10 4.7948e+10  0.05%   1.9 1945s
 10840457 2390752     cutoff   79      4.7922e+10 4.7948e+10  0.05%   1.9 1950s
 10871879 2394257 4.7940e+10   72   12 4.7922e+10 4.7948e+10  0.05%   1.9 1955s
 10905251 2397783 4.7948e+10   59   12 4.7922e+10 4.7948e+10  0.05%   1.9 1960s
 10936659 2401276 4.7929e+10   59   10 4.7922e+10 4.7948e+10  0.05%   1.9 1965s
 10968958 2404785 4.7925e+10   72    9 4.7922e+10 4.7948e+10  0.05%   1.9 1970s
 11002350 2408526     cutoff   84      4.7922e+10 4.7948e+10  0.05%   1.9 1975s
 11033706 2411820 4.7926e+10   72    6 4.7922e+10 4.7948e+10  0.05%   1.9 1980s
 11065024 2415107 4.7926e+10   76    9 4.7922e+10 4.7948e+10  0.05%   1.9 1985s
 11092569 2417934 4.7927e+10   63   14 4.7922e+10 4.7948e+10  0.05%   1.9 1990s
 11123876 2421319 4.7927e+10   80   10 4.7922e+10 4.7948e+10  0.05%   1.9 1995s
 11155229 2424579 4.7932e+10   60   11 4.7922e+10 4.7948e+10  0.05%   1.9 2000s
 11188695 2428362 4.7944e+10   62   13 4.7922e+10 4.7948e+10  0.05%   1.9 2005s
 11219964 2431580 4.7933e+10   71    7 4.7922e+10 4.7948e+10  0.05%   1.9 2010s
 11251430 2434806 4.7935e+10   68   10 4.7922e+10 4.7948e+10  0.05%   1.9 2015s
 11284672 2438324     cutoff   78      4.7922e+10 4.7948e+10  0.05%   1.9 2020s
 11316079 2441566 4.7938e+10   58   11 4.7922e+10 4.7947e+10  0.05%   1.9 2025s
 11347455 2444865     cutoff   74      4.7922e+10 4.7947e+10  0.05%   1.9 2030s
 11380740 2448428 4.7944e+10   63    9 4.7922e+10 4.7947e+10  0.05%   1.9 2035s
 11412180 2451769     cutoff   73      4.7922e+10 4.7947e+10  0.05%   1.9 2040s
 11443634 2454960 4.7929e+10   65   12 4.7922e+10 4.7947e+10  0.05%   1.9 2045s
 11476937 2458250 4.7929e+10   72    9 4.7922e+10 4.7947e+10  0.05%   1.9 2050s
 11507308 2461305     cutoff   64      4.7922e+10 4.7947e+10  0.05%   1.9 2055s
 11536675 2464573 4.7946e+10   59   11 4.7922e+10 4.7947e+10  0.05%   1.9 2061s
 11558953 2466797 4.7924e+10   81    7 4.7922e+10 4.7947e+10  0.05%   1.9 2065s
 11591401 2469969 4.7946e+10   57   12 4.7922e+10 4.7947e+10  0.05%   1.9 2070s
 11623664 2473152     cutoff   65      4.7922e+10 4.7947e+10  0.05%   1.9 2075s
 11655156 2476431 4.7944e+10   80   10 4.7922e+10 4.7947e+10  0.05%   1.9 2080s
 11686577 2479557     cutoff   72      4.7922e+10 4.7947e+10  0.05%   1.9 2085s
 11718925 2482552 4.7938e+10   72    7 4.7922e+10 4.7947e+10  0.05%   1.9 2090s
 11751268 2485671 4.7943e+10   76    7 4.7922e+10 4.7947e+10  0.05%   1.9 2095s
 11782697 2488841     cutoff   64      4.7922e+10 4.7947e+10  0.05%   1.9 2100s
 11815052 2492111     cutoff   66      4.7922e+10 4.7947e+10  0.05%   1.9 2105s
 11847532 2495467     cutoff   61      4.7922e+10 4.7947e+10  0.05%   1.9 2110s
 11879674 2498606     cutoff   77      4.7922e+10 4.7947e+10  0.05%   1.9 2115s
 11912122 2501506 4.7924e+10   79    6 4.7922e+10 4.7947e+10  0.05%   1.9 2120s
 11940531 2504199 4.7931e+10   61   10 4.7922e+10 4.7947e+10  0.05%   1.9 2125s
 11970848 2507102 4.7922e+10   71    6 4.7922e+10 4.7947e+10  0.05%   1.9 2130s
 12003261 2510045 4.7947e+10   66    9 4.7922e+10 4.7947e+10  0.05%   1.9 2135s
 12030131 2512591 4.7930e+10   69   10 4.7922e+10 4.7947e+10  0.05%   1.9 2140s
 12063739 2515756 4.7932e+10   67    9 4.7922e+10 4.7947e+10  0.05%   1.9 2145s
 12098181 2519003 4.7941e+10   63   10 4.7922e+10 4.7947e+10  0.05%   1.9 2150s
 12131619 2522242 4.7946e+10   74   10 4.7922e+10 4.7947e+10  0.05%   1.9 2155s
 12165144 2525043     cutoff   87      4.7922e+10 4.7947e+10  0.05%   1.9 2160s
 12196539 2528175 4.7946e+10   59   13 4.7922e+10 4.7947e+10  0.05%   1.9 2165s
 12225962 2530886     cutoff   84      4.7922e+10 4.7947e+10  0.05%   1.9 2170s
 12259343 2533854     cutoff   63      4.7922e+10 4.7946e+10  0.05%   1.9 2175s
 12290730 2536826 4.7929e+10   66   12 4.7922e+10 4.7946e+10  0.05%   1.9 2180s
 12323204 2539558 4.7930e+10   66    7 4.7922e+10 4.7946e+10  0.05%   1.9 2185s
 12356681 2542453     cutoff   61      4.7922e+10 4.7946e+10  0.05%   1.9 2190s
 12384952 2545227     cutoff   66      4.7922e+10 4.7946e+10  0.05%   1.9 2195s
 12414450 2547787 4.7927e+10   64   11 4.7922e+10 4.7946e+10  0.05%   1.9 2200s
 12446725 2550549     cutoff   62      4.7922e+10 4.7946e+10  0.05%   1.9 2205s
 12477913 2553556 4.7937e+10   56   14 4.7922e+10 4.7946e+10  0.05%   1.9 2210s
 12504293 2555977 4.7940e+10   66   10 4.7922e+10 4.7946e+10  0.05%   1.9 2215s
 12538894 2559079 4.7935e+10   58   12 4.7922e+10 4.7946e+10  0.05%   1.9 2220s
 12573478 2562119 4.7937e+10   62   10 4.7922e+10 4.7946e+10  0.05%   1.9 2225s
 12606856 2565126 4.7926e+10   56   16 4.7922e+10 4.7946e+10  0.05%   1.9 2230s
 12641303 2568001 4.7933e+10   77    7 4.7922e+10 4.7946e+10  0.05%   1.9 2235s
 12676817 2571168 4.7930e+10   70   15 4.7922e+10 4.7946e+10  0.05%   1.9 2240s
 12709295 2574210 4.7943e+10   71   11 4.7922e+10 4.7946e+10  0.05%   1.9 2245s
 12731605 2576028 4.7932e+10   81    6 4.7922e+10 4.7946e+10  0.05%   1.9 2250s
 12766127 2578987     cutoff   80      4.7922e+10 4.7946e+10  0.05%   1.9 2255s
 12796532 2581498 4.7929e+10   68   12 4.7922e+10 4.7946e+10  0.05%   1.9 2260s
 12830853 2584366 4.7946e+10   75    6 4.7922e+10 4.7946e+10  0.05%   1.9 2265s
 12865395 2587232 4.7930e+10   68   10 4.7922e+10 4.7946e+10  0.05%   1.9 2270s
 12896811 2589910 4.7942e+10   73   10 4.7922e+10 4.7946e+10  0.05%   1.9 2275s
 12925217 2592348     cutoff   70      4.7922e+10 4.7946e+10  0.05%   1.9 2280s
 12953621 2594898 4.7928e+10   84   11 4.7922e+10 4.7946e+10  0.05%   1.9 2285s
 12982808 2597420 4.7941e+10   67    7 4.7922e+10 4.7946e+10  0.05%   1.9 2290s
 13010033 2600026 4.7945e+10   60    9 4.7922e+10 4.7946e+10  0.05%   1.9 2295s
 13033314 2602059 4.7941e+10   59   16 4.7922e+10 4.7946e+10  0.05%   1.9 2300s
 13053321 2603636 4.7946e+10   62   12 4.7922e+10 4.7946e+10  0.05%   1.9 2305s
 13082364 2606185 4.7929e+10   68    8 4.7922e+10 4.7946e+10  0.05%   1.9 2310s
 13110842 2608555 4.7923e+10   71   10 4.7922e+10 4.7946e+10  0.05%   1.9 2315s
 13138152 2610862 4.7931e+10   66    8 4.7922e+10 4.7946e+10  0.05%   1.9 2320s
 13166583 2612997     cutoff   74      4.7922e+10 4.7946e+10  0.05%   1.9 2325s
 13193951 2615212 4.7924e+10   71   12 4.7922e+10 4.7946e+10  0.05%   1.9 2330s
 13222415 2617575 4.7922e+10   74    6 4.7922e+10 4.7945e+10  0.05%   1.9 2335s
 13250612 2619820     cutoff   68      4.7922e+10 4.7945e+10  0.05%   1.9 2340s
 13279061 2622111 4.7931e+10   73   10 4.7922e+10 4.7945e+10  0.05%   1.9 2345s
 13307372 2624572 4.7923e+10   73    7 4.7922e+10 4.7945e+10  0.05%   1.9 2350s
 13335722 2626877     cutoff   80      4.7922e+10 4.7945e+10  0.05%   1.9 2355s
 13363156 2629154     cutoff   67      4.7922e+10 4.7945e+10  0.05%   1.9 2360s
 13392543 2631563     cutoff   56      4.7922e+10 4.7945e+10  0.05%   1.9 2365s
 13418916 2633749 4.7929e+10   71    8 4.7922e+10 4.7945e+10  0.05%   1.9 2370s
 13447305 2635956     cutoff   81      4.7922e+10 4.7945e+10  0.05%   1.8 2375s
 13473613 2638040 4.7943e+10   62   14 4.7922e+10 4.7945e+10  0.05%   1.8 2380s
 13498549 2640116 4.7928e+10   74    7 4.7922e+10 4.7945e+10  0.05%   1.8 2385s
 13526362 2642078     cutoff   72      4.7922e+10 4.7945e+10  0.05%   1.8 2390s
 13551656 2644122     cutoff   64      4.7922e+10 4.7945e+10  0.05%   1.8 2395s
 13574113 2645839     cutoff   62      4.7922e+10 4.7945e+10  0.05%   1.8 2400s
 13598363 2647708     cutoff   75      4.7922e+10 4.7945e+10  0.05%   1.8 2405s
 13627725 2649882 4.7937e+10   60   11 4.7922e+10 4.7945e+10  0.05%   1.8 2410s
 13654127 2652001     cutoff   64      4.7922e+10 4.7945e+10  0.05%   1.8 2415s
 13682473 2654337 4.7931e+10   66   11 4.7922e+10 4.7945e+10  0.05%   1.8 2420s
 13710945 2656492 4.7938e+10   66   11 4.7922e+10 4.7945e+10  0.05%   1.8 2425s
 13739260 2658517 4.7940e+10   60   11 4.7922e+10 4.7945e+10  0.05%   1.8 2430s
 13768575 2660685 4.7929e+10   72    9 4.7922e+10 4.7945e+10  0.05%   1.8 2435s
 13796057 2662601 4.7931e+10   81    8 4.7922e+10 4.7945e+10  0.05%   1.8 2440s
 13822287 2664607 4.7932e+10   67   13 4.7922e+10 4.7945e+10  0.05%   1.8 2445s
 13850712 2666554     cutoff   74      4.7922e+10 4.7945e+10  0.05%   1.8 2450s
 13877842 2668272 4.7932e+10   56   10 4.7922e+10 4.7945e+10  0.05%   1.8 2455s
 13901505 2669918 4.7927e+10   88    4 4.7922e+10 4.7945e+10  0.05%   1.8 2460s
 13929050 2671936     cutoff   67      4.7922e+10 4.7945e+10  0.05%   1.8 2465s
 13958480 2673872 4.7941e+10   79    7 4.7922e+10 4.7945e+10  0.05%   1.8 2470s
 13986808 2676160 4.7944e+10   64   12 4.7922e+10 4.7945e+10  0.05%   1.8 2475s
 14016266 2678410     cutoff   58      4.7922e+10 4.7945e+10  0.05%   1.8 2480s
 14045693 2680409 4.7936e+10   76    5 4.7922e+10 4.7945e+10  0.05%   1.8 2485s
 14074964 2682259 4.7930e+10   56   14 4.7922e+10 4.7945e+10  0.05%   1.8 2490s
 14103289 2684280 4.7928e+10   67   12 4.7922e+10 4.7945e+10  0.05%   1.8 2495s
 14132660 2686475     cutoff   64      4.7922e+10 4.7945e+10  0.05%   1.8 2500s
 14159029 2688513 4.7926e+10   78    3 4.7922e+10 4.7945e+10  0.05%   1.8 2505s
 14187352 2690391     cutoff   68      4.7922e+10 4.7945e+10  0.05%   1.8 2510s
 14214764 2692350 4.7939e+10   69    9 4.7922e+10 4.7945e+10  0.05%   1.8 2515s
 14236023 2693981 4.7934e+10   73   11 4.7922e+10 4.7945e+10  0.05%   1.8 2520s
 14263478 2695884     cutoff   66      4.7922e+10 4.7945e+10  0.05%   1.8 2525s
 14291783 2697620 4.7938e+10   69    8 4.7922e+10 4.7944e+10  0.05%   1.8 2530s
 14321162 2699649 4.7926e+10   61    8 4.7922e+10 4.7944e+10  0.05%   1.8 2535s
 14347452 2701475 4.7933e+10   70   13 4.7922e+10 4.7944e+10  0.05%   1.8 2540s
 14373852 2703314 4.7941e+10   58   11 4.7922e+10 4.7944e+10  0.05%   1.8 2545s
 14400888 2705113     cutoff   64      4.7922e+10 4.7944e+10  0.05%   1.8 2550s
 14423933 2706715 4.7943e+10   63   13 4.7922e+10 4.7944e+10  0.05%   1.8 2555s
 14450383 2708460     cutoff   63      4.7922e+10 4.7944e+10  0.05%   1.8 2560s
 14477819 2710373 4.7923e+10   72    8 4.7922e+10 4.7944e+10  0.05%   1.8 2565s
 14506124 2712211 4.7937e+10   65   12 4.7922e+10 4.7944e+10  0.05%   1.8 2570s
 14534309 2713909 4.7937e+10   72   14 4.7922e+10 4.7944e+10  0.05%   1.8 2575s
 14559674 2715394 4.7923e+10   83    7 4.7922e+10 4.7944e+10  0.05%   1.8 2580s
 14587096 2717099 4.7929e+10   68    9 4.7922e+10 4.7944e+10  0.05%   1.8 2585s
 14614345 2718933 4.7931e+10   62   12 4.7922e+10 4.7944e+10  0.05%   1.8 2590s
 14642745 2720973 4.7932e+10   74   11 4.7922e+10 4.7944e+10  0.05%   1.8 2595s
 14671105 2722736 4.7928e+10   71   10 4.7922e+10 4.7944e+10  0.05%   1.8 2600s
 14699494 2724517     cutoff   69      4.7922e+10 4.7944e+10  0.05%   1.8 2605s
 14728535 2726258     cutoff   66      4.7922e+10 4.7944e+10  0.05%   1.8 2610s
 14752778 2727659 4.7936e+10   68   14 4.7922e+10 4.7944e+10  0.05%   1.8 2615s
 14778614 2729237     cutoff   70      4.7922e+10 4.7944e+10  0.05%   1.8 2620s
 14805104 2730841 4.7935e+10   64    8 4.7922e+10 4.7944e+10  0.05%   1.8 2625s
 14833490 2732575 4.7940e+10   63   13 4.7922e+10 4.7944e+10  0.05%   1.8 2630s
 14859788 2734326     cutoff   72      4.7922e+10 4.7944e+10  0.05%   1.8 2635s
 14880128 2735649 4.7926e+10   93    3 4.7922e+10 4.7944e+10  0.05%   1.8 2640s
 14905414 2737398     cutoff   61      4.7922e+10 4.7944e+10  0.05%   1.8 2645s
 14926698 2738593     cutoff   60      4.7922e+10 4.7944e+10  0.05%   1.8 2650s
 14951066 2739997 4.7938e+10   70    6 4.7922e+10 4.7944e+10  0.05%   1.8 2655s
 14977511 2741691     cutoff   77      4.7922e+10 4.7944e+10  0.05%   1.8 2660s
 15000543 2743222 4.7933e+10   76    9 4.7922e+10 4.7944e+10  0.05%   1.8 2665s
 15022703 2744589 4.7942e+10   55   17 4.7922e+10 4.7944e+10  0.05%   1.8 2670s
 15048087 2746086 4.7939e+10   75   11 4.7922e+10 4.7944e+10  0.05%   1.8 2675s
 15075413 2747716 4.7944e+10   60   12 4.7922e+10 4.7944e+10  0.05%   1.8 2680s
 15097690 2749072 4.7930e+10   69   13 4.7922e+10 4.7944e+10  0.05%   1.8 2685s
 15123943 2750471 4.7928e+10   82    7 4.7922e+10 4.7944e+10  0.05%   1.8 2690s
 15148294 2752128 4.7941e+10   66    9 4.7922e+10 4.7944e+10  0.05%   1.8 2695s
